Start testing: Dec 27 21:58 CET
----------------------------------------------------------
1/6 Testing: ObjectPoolTest.BasicAcquireAndRelease
1/6 Test: ObjectPoolTest.BasicAcquireAndRelease
Command: "/Users/achillerossi/Documents/C++_tests/memory_pool_mngr/build/pool_tests" "--gtest_filter=ObjectPoolTest.BasicAcquireAndRelease" "--gtest_also_run_disabled_tests"
Directory: /Users/achillerossi/Documents/C++_tests/memory_pool_mngr/build
"ObjectPoolTest.BasicAcquireAndRelease" start time: Dec 27 21:58 CET
Output:
----------------------------------------------------------
Running main() from /Users/achillerossi/Documents/C++_tests/memory_pool_mngr/build/_deps/googletest-src/googletest/src/gtest_main.cc
Note: Google Test filter = ObjectPoolTest.BasicAcquireAndRelease
[==========] Running 1 test from 1 test suite.
[----------] Global test environment set-up.
[----------] 1 test from ObjectPoolTest
[ RUN      ] ObjectPoolTest.BasicAcquireAndRelease
Pointer address: 0xb21000940
Pointer address: 0xb21000960
DEBUG: Allocated 2 blocks
DEBUG: Returning pointer with address: 0xb21000960
DEBUG: Returning pointer with address: 0xb21000940
The resource is just released and push back into free-list!
The resource is just released and push back into free-list!
DEBUG(DECONSTRUCTOR), deleting pointer to raw memory: 0xb21000940
DEBUG(DECONSTRUCTOR), deleting pointer to raw memory: 0xb21000960
[       OK ] ObjectPoolTest.BasicAcquireAndRelease (0 ms)
[----------] 1 test from ObjectPoolTest (0 ms total)

[----------] Global test environment tear-down
[==========] 1 test from 1 test suite ran. (0 ms total)
[  PASSED  ] 1 test.
<end of output>
Test time =   0.01 sec
----------------------------------------------------------
Test Passed.
"ObjectPoolTest.BasicAcquireAndRelease" end time: Dec 27 21:58 CET
"ObjectPoolTest.BasicAcquireAndRelease" time elapsed: 00:00:00
----------------------------------------------------------

2/6 Testing: ObjectPoolTest.ExpandOnDemand
2/6 Test: ObjectPoolTest.ExpandOnDemand
Command: "/Users/achillerossi/Documents/C++_tests/memory_pool_mngr/build/pool_tests" "--gtest_filter=ObjectPoolTest.ExpandOnDemand" "--gtest_also_run_disabled_tests"
Directory: /Users/achillerossi/Documents/C++_tests/memory_pool_mngr/build
"ObjectPoolTest.ExpandOnDemand" start time: Dec 27 21:58 CET
Output:
----------------------------------------------------------
Running main() from /Users/achillerossi/Documents/C++_tests/memory_pool_mngr/build/_deps/googletest-src/googletest/src/gtest_main.cc
Note: Google Test filter = ObjectPoolTest.ExpandOnDemand
[==========] Running 1 test from 1 test suite.
[----------] Global test environment set-up.
[----------] 1 test from ObjectPoolTest
[ RUN      ] ObjectPoolTest.ExpandOnDemand
Pointer address: 0x855000940
DEBUG: Allocated 1 blocks
DEBUG: Returning pointer with address: 0x855000940
Calling construct, automatic expand must be called
DEBUG: before expand: 0
DEBUG: after expand: 1
DEBUG: Returning pointer with address: 0x855000980
The resource is just released and push back into free-list!
The resource is just released and push back into free-list!
DEBUG(DECONSTRUCTOR), deleting pointer to raw memory: 0x855000960
DEBUG(DECONSTRUCTOR), deleting pointer to raw memory: 0x855000980
DEBUG(DECONSTRUCTOR), deleting pointer to raw memory: 0x855000940
[       OK ] ObjectPoolTest.ExpandOnDemand (0 ms)
[----------] 1 test from ObjectPoolTest (0 ms total)

[----------] Global test environment tear-down
[==========] 1 test from 1 test suite ran. (0 ms total)
[  PASSED  ] 1 test.
<end of output>
Test time =   0.01 sec
----------------------------------------------------------
Test Passed.
"ObjectPoolTest.ExpandOnDemand" end time: Dec 27 21:58 CET
"ObjectPoolTest.ExpandOnDemand" time elapsed: 00:00:00
----------------------------------------------------------

3/6 Testing: ObjectPoolTest.HandlesStoredInContainers
3/6 Test: ObjectPoolTest.HandlesStoredInContainers
Command: "/Users/achillerossi/Documents/C++_tests/memory_pool_mngr/build/pool_tests" "--gtest_filter=ObjectPoolTest.HandlesStoredInContainers" "--gtest_also_run_disabled_tests"
Directory: /Users/achillerossi/Documents/C++_tests/memory_pool_mngr/build
"ObjectPoolTest.HandlesStoredInContainers" start time: Dec 27 21:58 CET
Output:
----------------------------------------------------------
Running main() from /Users/achillerossi/Documents/C++_tests/memory_pool_mngr/build/_deps/googletest-src/googletest/src/gtest_main.cc
Note: Google Test filter = ObjectPoolTest.HandlesStoredInContainers
[==========] Running 1 test from 1 test suite.
[----------] Global test environment set-up.
[----------] 1 test from ObjectPoolTest
[ RUN      ] ObjectPoolTest.HandlesStoredInContainers
Pointer address: 0x8e5000920
Pointer address: 0x8e5000960
Pointer address: 0x8e50009a0
DEBUG: Allocated 3 blocks
DEBUG: Returning pointer with address: 0x8e50009a0
DEBUG: Returning pointer with address: 0x8e5000960
DEBUG: Returning pointer with address: 0x8e5000920
The resource is just released and push back into free-list!
The resource is just released and push back into free-list!
The resource is just released and push back into free-list!
DEBUG(DECONSTRUCTOR), deleting pointer to raw memory: 0x8e5000920
DEBUG(DECONSTRUCTOR), deleting pointer to raw memory: 0x8e5000960
DEBUG(DECONSTRUCTOR), deleting pointer to raw memory: 0x8e50009a0
[       OK ] ObjectPoolTest.HandlesStoredInContainers (0 ms)
[----------] 1 test from ObjectPoolTest (0 ms total)

[----------] Global test environment tear-down
[==========] 1 test from 1 test suite ran. (0 ms total)
[  PASSED  ] 1 test.
<end of output>
Test time =   0.00 sec
----------------------------------------------------------
Test Passed.
"ObjectPoolTest.HandlesStoredInContainers" end time: Dec 27 21:58 CET
"ObjectPoolTest.HandlesStoredInContainers" time elapsed: 00:00:00
----------------------------------------------------------

4/6 Testing: ObjectPoolTest.RejectsForeignPointer
4/6 Test: ObjectPoolTest.RejectsForeignPointer
Command: "/Users/achillerossi/Documents/C++_tests/memory_pool_mngr/build/pool_tests" "--gtest_filter=ObjectPoolTest.RejectsForeignPointer" "--gtest_also_run_disabled_tests"
Directory: /Users/achillerossi/Documents/C++_tests/memory_pool_mngr/build
"ObjectPoolTest.RejectsForeignPointer" start time: Dec 27 21:58 CET
Output:
----------------------------------------------------------
Running main() from /Users/achillerossi/Documents/C++_tests/memory_pool_mngr/build/_deps/googletest-src/googletest/src/gtest_main.cc
Note: Google Test filter = ObjectPoolTest.RejectsForeignPointer
[==========] Running 1 test from 1 test suite.
[----------] Global test environment set-up.
[----------] 1 test from ObjectPoolTest
[ RUN      ] ObjectPoolTest.RejectsForeignPointer
Pointer address: 0xba7000920
DEBUG: Allocated 1 blocks
DEBUG(DECONSTRUCTOR), deleting pointer to raw memory: 0xba7000920
[       OK ] ObjectPoolTest.RejectsForeignPointer (0 ms)
[----------] 1 test from ObjectPoolTest (0 ms total)

[----------] Global test environment tear-down
[==========] 1 test from 1 test suite ran. (0 ms total)
[  PASSED  ] 1 test.
<end of output>
Test time =   0.00 sec
----------------------------------------------------------
Test Passed.
"ObjectPoolTest.RejectsForeignPointer" end time: Dec 27 21:58 CET
"ObjectPoolTest.RejectsForeignPointer" time elapsed: 00:00:00
----------------------------------------------------------

5/6 Testing: ObjectPoolTest.HighChurnStressTest
5/6 Test: ObjectPoolTest.HighChurnStressTest
Command: "/Users/achillerossi/Documents/C++_tests/memory_pool_mngr/build/pool_tests" "--gtest_filter=ObjectPoolTest.HighChurnStressTest" "--gtest_also_run_disabled_tests"
Directory: /Users/achillerossi/Documents/C++_tests/memory_pool_mngr/build
"ObjectPoolTest.HighChurnStressTest" start time: Dec 27 21:58 CET
Output:
----------------------------------------------------------
Running main() from /Users/achillerossi/Documents/C++_tests/memory_pool_mngr/build/_deps/googletest-src/googletest/src/gtest_main.cc
Note: Google Test filter = ObjectPoolTest.HighChurnStressTest
[==========] Running 1 test from 1 test suite.
[----------] Global test environment set-up.
[----------] 1 test from ObjectPoolTest
[ RUN      ] ObjectPoolTest.HighChurnStressTest
Pointer address: 0xbf5000940
Pointer address: 0xbf5000960
Pointer address: 0xbf5000980
Pointer address: 0xbf50009a0
Pointer address: 0xbf50009c0
Pointer address: 0xbf50009e0
Pointer address: 0xbf5000a00
Pointer address: 0xbf5000a20
Pointer address: 0xbf5000a40
Pointer address: 0xbf5000a60
DEBUG: Allocated 10 blocks
DEBUG: Returning pointer with address: 0xbf5000a60
The resource is just released and push back into free-list!
DEBUG: Returning pointer with address: 0xbf5000a60
The resource is just released and push back into free-list!
DEBUG: Returning pointer with address: 0xbf5000a60
The resource is just released and push back into free-list!
DEBUG: Returning pointer with address: 0xbf5000a60
The resource is just released and push back into free-list!
DEBUG: Returning pointer with address: 0xbf5000a60
The resource is just released and push back into free-list!
DEBUG: Returning pointer with address: 0xbf5000a60
The resource is just released and push back into free-list!
DEBUG: Returning pointer with address: 0xbf5000a60
The resource is just released and push back into free-list!
DEBUG: Returning pointer with address: 0xbf5000a60
The resource is just released and push back into free-list!
DEBUG: Returning pointer with address: 0xbf5000a60
The resource is just released and push back into free-list!
DEBUG: Returning pointer with address: 0xbf5000a60
The resource is just released and push back into free-list!
DEBUG: Returning pointer with address: 0xbf5000a60
The resource is just released and push back into free-list!
DEBUG: Returning pointer with address: 0xbf5000a60
The resource is just released and push back into free-list!
DEBUG: Returning pointer with address: 0xbf5000a60
The resource is just released and push back into free-list!
DEBUG: Returning pointer with address: 0xbf5000a60
The resource is just released and push back into free-list!
DEBUG: Returning pointer with address: 0xbf5000a60
The resource is just released and push back into free-list!
DEBUG: Returning pointer with address: 0xbf5000a60
The resource is just released and push back into free-list!
DEBUG: Returning pointer with address: 0xbf5000a60
The resource is just released and push back into free-list!
DEBUG: Returning pointer with address: 0xbf5000a60
The resource is just released and push back into free-list!
DEBUG: Returning pointer with address: 0xbf5000a60
The resource is just released and push back into free-list!
DEBUG: Returning pointer with address: 0xbf5000a60
The resource is just released and push back into free-list!
DEBUG: Returning pointer with address: 0xbf5000a60
The resource is just released and push back into free-list!
DEBUG: Returning pointer with address: 0xbf5000a60
The resource is just released and push back into free-list!
DEBUG: Returning pointer with address: 0xbf5000a60
The resource is just released and push back into free-list!
DEBUG: Returning pointer with address: 0xbf5000a60
The resource is just released and push back into free-list!
DEBUG: Returning pointer with address: 0xbf5000a60
The resource is just released and push back into free-list!
DEBUG: Returning pointer with address: 0xbf5000a60
The resource is just released and push back into free-list!
DEBUG: Returning pointer with address: 0xbf5000a60
The resource is just released and push back into free-list!
DEBUG: Returning pointer with address: 0xbf5000a60
The resource is just released and push back into free-list!
DEBUG: Returning pointer with address: 0xbf5000a60
The resource is just released and push back into free-list!
DEBUG: Returning pointer with address: 0xbf5000a60
The resource is just released and push back into free-list!
DEBUG: Returning pointer with address: 0xbf5000a60
The resource is just released and push back into free-list!
DEBUG: Returning pointer with address: 0xbf5000a60
The resource is just released and push back into free-list!
DEBUG: Returning pointer with address: 0xbf5000a60
The resource is just released and push back into free-list!
DEBUG: Returning pointer with address: 0xbf5000a60
The resource is just released and push back into free-list!
DEBUG: Returning pointer with address: 0xbf5000a60
The resource is just released and push back into free-list!
DEBUG: Returning pointer with address: 0xbf5000a60
The resource is just released and push back into free-list!
DEBUG: Returning pointer with address: 0xbf5000a60
The resource is just released and push back into free-list!
DEBUG: Returning pointer with address: 0xbf5000a60
The resource is just released and push back into free-list!
DEBUG: Returning pointer with address: 0xbf5000a60
The resource is just released and push back into free-list!
DEBUG: Returning pointer with address: 0xbf5000a60
The resource is just released and push back into free-list!
DEBUG: Returning pointer with address: 0xbf5000a60
The resource is just released and push back into free-list!
DEBUG: Returning pointer with address: 0xbf5000a60
The resource is just released and push back into free-list!
DEBUG: Returning pointer with address: 0xbf5000a60
The resource is just released and push back into free-list!
DEBUG: Returning pointer with address: 0xbf5000a60
The resource is just released and push back into free-list!
DEBUG: Returning pointer with address: 0xbf5000a60
The resource is just released and push back into free-list!
DEBUG: Returning pointer with address: 0xbf5000a60
The resource is just released and push back into free-list!
DEBUG: Returning pointer with address: 0xbf5000a60
The resource is just released and push back into free-list!
DEBUG: Returning pointer with address: 0xbf5000a60
The resource is just released and push back into free-list!
DEBUG: Returning pointer with address: 0xbf5000a60
The resource is just released and push back into free-list!
DEBUG: Returning pointer with address: 0xbf5000a60
The resource is just released and push back into free-list!
DEBUG: Returning pointer with address: 0xbf5000a60
The resource is just released and push back into free-list!
DEBUG: Returning pointer with address: 0xbf5000a60
The resource is just released and push back into free-list!
DEBUG: Returning pointer with address: 0xbf5000a60
The resource is just released and push back into free-list!
DEBUG: Returning pointer with address: 0xbf5000a60
The resource is just released and push back into free-list!
DEBUG: Returning pointer with address: 0xbf5000a60
The resource is just released and push back into free-list!
DEBUG: Returning pointer with address: 0xbf5000a60
The resource is just released and push back into free-list!
DEBUG: Returning pointer with address: 0xbf5000a60
The resource is just released and push back into free-list!
DEBUG: Returning pointer with address: 0xbf5000a60
The resource is just released and push back into free-list!
DEBUG: Returning pointer with address: 0xbf5000a60
The resource is just released and push back into free-list!
DEBUG: Returning pointer with address: 0xbf5000a60
The resource is just released and push back into free-list!
DEBUG: Returning pointer with address: 0xbf5000a60
The resource is just released and push back into free-list!
DEBUG: Returning pointer with address: 0xbf5000a60
The resource is just released and push back into free-list!
DEBUG: Returning pointer with address: 0xbf5000a60
The resource is just released and push back into free-list!
DEBUG: Returning pointer with address: 0xbf5000a60
The resource is just released and push back into free-list!
DEBUG: Returning pointer with address: 0xbf5000a60
The resource is just released and push back into free-list!
DEBUG: Returning pointer with address: 0xbf5000a60
The resource is just released and push back into free-list!
DEBUG: Returning pointer with address: 0xbf5000a60
The resource is just released and push back into free-list!
DEBUG: Returning pointer with address: 0xbf5000a60
The resource is just released and push back into free-list!
DEBUG: Returning pointer with address: 0xbf5000a60
The resource is just released and push back into free-list!
DEBUG: Returning pointer with address: 0xbf5000a60
The resource is just released and push back into free-list!
DEBUG: Returning pointer with address: 0xbf5000a60
The resource is just released and push back into free-list!
DEBUG: Returning pointer with address: 0xbf5000a60
The resource is just released and push back into free-list!
DEBUG: Returning pointer with address: 0xbf5000a60
The resource is just released and push back into free-list!
DEBUG: Returning pointer with address: 0xbf5000a60
The resource is just released and push back into free-list!
DEBUG: Returning pointer with address: 0xbf5000a60
The resource is just released and push back into free-list!
DEBUG: Returning pointer with address: 0xbf5000a60
The resource is just released and push back into free-list!
DEBUG: Returning pointer with address: 0xbf5000a60
The resource is just released and push back into free-list!
DEBUG: Returning pointer with address: 0xbf5000a60
The resource is just released and push back into free-list!
DEBUG: Returning pointer with address: 0xbf5000a60
The resource is just released and push back into free-list!
DEBUG: Returning pointer with address: 0xbf5000a60
The resource is just released and push back into free-list!
DEBUG: Returning pointer with address: 0xbf5000a60
The resource is just released and push back into free-list!
DEBUG: Returning pointer with address: 0xbf5000a60
The resource is just released and push back into free-list!
DEBUG: Returning pointer with address: 0xbf5000a60
The resource is just released and push back into free-list!
DEBUG: Returning pointer with address: 0xbf5000a60
The resource is just released and push back into free-list!
DEBUG: Returning pointer with address: 0xbf5000a60
The resource is just released and push back into free-list!
DEBUG: Returning pointer with address: 0xbf5000a60
The resource is just released and push back into free-list!
DEBUG: Returning pointer with address: 0xbf5000a60
The resource is just released and push back into free-list!
DEBUG: Returning pointer with address: 0xbf5000a60
The resource is just released and push back into free-list!
DEBUG: Returning pointer with address: 0xbf5000a60
The resource is just released and push back into free-list!
DEBUG: Returning pointer with address: 0xbf5000a60
The resource is just released and push back into free-list!
DEBUG: Returning pointer with address: 0xbf5000a60
The resource is just released and push back into free-list!
DEBUG: Returning pointer with address: 0xbf5000a60
The resource is just released and push back into free-list!
DEBUG: Returning pointer with address: 0xbf5000a60
The resource is just released and push back into free-list!
DEBUG: Returning pointer with address: 0xbf5000a60
The resource is just released and push back into free-list!
DEBUG: Returning pointer with address: 0xbf5000a60
The resource is just released and push back into free-list!
DEBUG: Returning pointer with address: 0xbf5000a60
The resource is just released and push back into free-list!
DEBUG: Returning pointer with address: 0xbf5000a60
The resource is just released and push back into free-list!
DEBUG: Returning pointer with address: 0xbf5000a60
The resource is just released and push back into free-list!
DEBUG: Returning pointer with address: 0xbf5000a60
The resource is just released and push back into free-list!
DEBUG: Returning pointer with address: 0xbf5000a60
The resource is just released and push back into free-list!
DEBUG: Returning pointer with address: 0xbf5000a60
The resource is just released and push back into free-list!
DEBUG: Returning pointer with address: 0xbf5000a60
The resource is just released and push back into free-list!
DEBUG: Returning pointer with address: 0xbf5000a60
The resource is just released and push back into free-list!
DEBUG: Returning pointer with address: 0xbf5000a60
The resource is just released and push back into free-list!
DEBUG: Returning pointer with address: 0xbf5000a60
The resource is just released and push back into free-list!
DEBUG: Returning pointer with address: 0xbf5000a60
The resource is just released and push back into free-list!
DEBUG: Returning pointer with address: 0xbf5000a60
The resource is just released and push back into free-list!
DEBUG: Returning pointer with address: 0xbf5000a60
The resource is just released and push back into free-list!
DEBUG: Returning pointer with address: 0xbf5000a60
The resource is just released and push back into free-list!
DEBUG: Returning pointer with address: 0xbf5000a60
The resource is just released and push back into free-list!
DEBUG: Returning pointer with address: 0xbf5000a60
The resource is just released and push back into free-list!
DEBUG: Returning pointer with address: 0xbf5000a60
The resource is just released and push back into free-list!
DEBUG: Returning pointer with address: 0xbf5000a60
The resource is just released and push back into free-list!
DEBUG: Returning pointer with address: 0xbf5000a60
The resource is just released and push back into free-list!
DEBUG: Returning pointer with address: 0xbf5000a60
The resource is just released and push back into free-list!
DEBUG: Returning pointer with address: 0xbf5000a60
The resource is just released and push back into free-list!
DEBUG: Returning pointer with address: 0xbf5000a60
The resource is just released and push back into free-list!
DEBUG: Returning pointer with address: 0xbf5000a60
The resource is just released and push back into free-list!
DEBUG: Returning pointer with address: 0xbf5000a60
The resource is just released and push back into free-list!
DEBUG: Returning pointer with address: 0xbf5000a60
The resource is just released and push back into free-list!
DEBUG: Returning pointer with address: 0xbf5000a60
The resource is just released and push back into free-list!
DEBUG: Returning pointer with address: 0xbf5000a60
The resource is just released and push back into free-list!
DEBUG: Returning pointer with address: 0xbf5000a60
The resource is just released and push back into free-list!
DEBUG: Returning pointer with address: 0xbf5000a60
The resource is just released and push back into free-list!
DEBUG: Returning pointer with address: 0xbf5000a60
The resource is just released and push back into free-list!
DEBUG: Returning pointer with address: 0xbf5000a60
The resource is just released and push back into free-list!
DEBUG: Returning pointer with address: 0xbf5000a60
The resource is just released and push back into free-list!
DEBUG: Returning pointer with address: 0xbf5000a60
The resource is just released and push back into free-list!
DEBUG: Returning pointer with address: 0xbf5000a60
The resource is just released and push back into free-list!
DEBUG: Returning pointer with address: 0xbf5000a60
The resource is just released and push back into free-list!
DEBUG: Returning pointer with address: 0xbf5000a60
The resource is just released and push back into free-list!
DEBUG: Returning pointer with address: 0xbf5000a60
The resource is just released and push back into free-list!
DEBUG: Returning pointer with address: 0xbf5000a60
The resource is just released and push back into free-list!
DEBUG: Returning pointer with address: 0xbf5000a60
The resource is just released and push back into free-list!
DEBUG: Returning pointer with address: 0xbf5000a60
The resource is just released and push back into free-list!
DEBUG: Returning pointer with address: 0xbf5000a60
The resource is just released and push back into free-list!
DEBUG: Returning pointer with address: 0xbf5000a60
The resource is just released and push back into free-list!
DEBUG: Returning pointer with address: 0xbf5000a60
The resource is just released and push back into free-list!
DEBUG: Returning pointer with address: 0xbf5000a60
The resource is just released and push back into free-list!
DEBUG: Returning pointer with address: 0xbf5000a60
The resource is just released and push back into free-list!
DEBUG: Returning pointer with address: 0xbf5000a60
The resource is just released and push back into free-list!
DEBUG: Returning pointer with address: 0xbf5000a60
The resource is just released and push back into free-list!
DEBUG: Returning pointer with address: 0xbf5000a60
The resource is just released and push back into free-list!
DEBUG: Returning pointer with address: 0xbf5000a60
The resource is just released and push back into free-list!
DEBUG: Returning pointer with address: 0xbf5000a60
The resource is just released and push back into free-list!
DEBUG: Returning pointer with address: 0xbf5000a60
The resource is just released and push back into free-list!
DEBUG: Returning pointer with address: 0xbf5000a60
The resource is just released and push back into free-list!
DEBUG: Returning pointer with address: 0xbf5000a60
The resource is just released and push back into free-list!
DEBUG: Returning pointer with address: 0xbf5000a60
The resource is just released and push back into free-list!
DEBUG: Returning pointer with address: 0xbf5000a60
The resource is just released and push back into free-list!
DEBUG: Returning pointer with address: 0xbf5000a60
The resource is just released and push back into free-list!
DEBUG: Returning pointer with address: 0xbf5000a60
The resource is just released and push back into free-list!
DEBUG: Returning pointer with address: 0xbf5000a60
The resource is just released and push back into free-list!
DEBUG: Returning pointer with address: 0xbf5000a60
The resource is just released and push back into free-list!
DEBUG: Returning pointer with address: 0xbf5000a60
The resource is just released and push back into free-list!
DEBUG: Returning pointer with address: 0xbf5000a60
The resource is just released and push back into free-list!
DEBUG: Returning pointer with address: 0xbf5000a60
The resource is just released and push back into free-list!
DEBUG: Returning pointer with address: 0xbf5000a60
The resource is just released and push back into free-list!
DEBUG: Returning pointer with address: 0xbf5000a60
The resource is just released and push back into free-list!
DEBUG: Returning pointer with address: 0xbf5000a60
The resource is just released and push back into free-list!
DEBUG: Returning pointer with address: 0xbf5000a60
The resource is just released and push back into free-list!
DEBUG: Returning pointer with address: 0xbf5000a60
The resource is just released and push back into free-list!
DEBUG: Returning pointer with address: 0xbf5000a60
The resource is just released and push back into free-list!
DEBUG: Returning pointer with address: 0xbf5000a60
The resource is just released and push back into free-list!
DEBUG: Returning pointer with address: 0xbf5000a60
The resource is just released and push back into free-list!
DEBUG: Returning pointer with address: 0xbf5000a60
The resource is just released and push back into free-list!
DEBUG: Returning pointer with address: 0xbf5000a60
The resource is just released and push back into free-list!
DEBUG: Returning pointer with address: 0xbf5000a60
The resource is just released and push back into free-list!
DEBUG: Returning pointer with address: 0xbf5000a60
The resource is just released and push back into free-list!
DEBUG: Returning pointer with address: 0xbf5000a60
The resource is just released and push back into free-list!
DEBUG: Returning pointer with address: 0xbf5000a60
The resource is just released and push back into free-list!
DEBUG: Returning pointer with address: 0xbf5000a60
The resource is just released and push back into free-list!
DEBUG: Returning pointer with address: 0xbf5000a60
The resource is just released and push back into free-list!
DEBUG: Returning pointer with address: 0xbf5000a60
The resource is just released and push back into free-list!
DEBUG: Returning pointer with address: 0xbf5000a60
The resource is just released and push back into free-list!
DEBUG: Returning pointer with address: 0xbf5000a60
The resource is just released and push back into free-list!
DEBUG: Returning pointer with address: 0xbf5000a60
The resource is just released and push back into free-list!
DEBUG: Returning pointer with address: 0xbf5000a60
The resource is just released and push back into free-list!
DEBUG: Returning pointer with address: 0xbf5000a60
The resource is just released and push back into free-list!
DEBUG: Returning pointer with address: 0xbf5000a60
The resource is just released and push back into free-list!
DEBUG: Returning pointer with address: 0xbf5000a60
The resource is just released and push back into free-list!
DEBUG: Returning pointer with address: 0xbf5000a60
The resource is just released and push back into free-list!
DEBUG: Returning pointer with address: 0xbf5000a60
The resource is just released and push back into free-list!
DEBUG: Returning pointer with address: 0xbf5000a60
The resource is just released and push back into free-list!
DEBUG: Returning pointer with address: 0xbf5000a60
The resource is just released and push back into free-list!
DEBUG: Returning pointer with address: 0xbf5000a60
The resource is just released and push back into free-list!
DEBUG: Returning pointer with address: 0xbf5000a60
The resource is just released and push back into free-list!
DEBUG: Returning pointer with address: 0xbf5000a60
The resource is just released and push back into free-list!
DEBUG: Returning pointer with address: 0xbf5000a60
The resource is just released and push back into free-list!
DEBUG: Returning pointer with address: 0xbf5000a60
The resource is just released and push back into free-list!
DEBUG: Returning pointer with address: 0xbf5000a60
The resource is just released and push back into free-list!
DEBUG: Returning pointer with address: 0xbf5000a60
The resource is just released and push back into free-list!
DEBUG: Returning pointer with address: 0xbf5000a60
The resource is just released and push back into free-list!
DEBUG: Returning pointer with address: 0xbf5000a60
The resource is just released and push back into free-list!
DEBUG: Returning pointer with address: 0xbf5000a60
The resource is just released and push back into free-list!
DEBUG: Returning pointer with address: 0xbf5000a60
The resource is just released and push back into free-list!
DEBUG: Returning pointer with address: 0xbf5000a60
The resource is just released and push back into free-list!
DEBUG: Returning pointer with address: 0xbf5000a60
The resource is just released and push back into free-list!
DEBUG: Returning pointer with address: 0xbf5000a60
The resource is just released and push back into free-list!
DEBUG: Returning pointer with address: 0xbf5000a60
The resource is just released and push back into free-list!
DEBUG: Returning pointer with address: 0xbf5000a60
The resource is just released and push back into free-list!
DEBUG: Returning pointer with address: 0xbf5000a60
The resource is just released and push back into free-list!
DEBUG: Returning pointer with address: 0xbf5000a60
The resource is just released and push back into free-list!
DEBUG: Returning pointer with address: 0xbf5000a60
The resource is just released and push back into free-list!
DEBUG: Returning pointer with address: 0xbf5000a60
The resource is just released and push back into free-list!
DEBUG: Returning pointer with address: 0xbf5000a60
The resource is just released and push back into free-list!
DEBUG: Returning pointer with address: 0xbf5000a60
The resource is just released and push back into free-list!
DEBUG: Returning pointer with address: 0xbf5000a60
The resource is just released and push back into free-list!
DEBUG: Returning pointer with address: 0xbf5000a60
The resource is just released and push back into free-list!
DEBUG: Returning pointer with address: 0xbf5000a60
The resource is just released and push back into free-list!
DEBUG: Returning pointer with address: 0xbf5000a60
The resource is just released and push back into free-list!
DEBUG: Returning pointer with address: 0xbf5000a60
The resource is just released and push back into free-list!
DEBUG: Returning pointer with address: 0xbf5000a60
The resource is just released and push back into free-list!
DEBUG: Returning pointer with address: 0xbf5000a60
The resource is just released and push back into free-list!
DEBUG: Returning pointer with address: 0xbf5000a60
The resource is just released and push back into free-list!
DEBUG: Returning pointer with address: 0xbf5000a60
The resource is just released and push back into free-list!
DEBUG: Returning pointer with address: 0xbf5000a60
The resource is just released and push back into free-list!
DEBUG: Returning pointer with address: 0xbf5000a60
The resource is just released and push back into free-list!
DEBUG: Returning pointer with address: 0xbf5000a60
The resource is just released and push back into free-list!
DEBUG: Returning pointer with address: 0xbf5000a60
The resource is just released and push back into free-list!
DEBUG: Returning pointer with address: 0xbf5000a60
The resource is just released and push back into free-list!
DEBUG: Returning pointer with address: 0xbf5000a60
The resource is just released and push back into free-list!
DEBUG: Returning pointer with address: 0xbf5000a60
The resource is just released and push back into free-list!
DEBUG: Returning pointer with address: 0xbf5000a60
The resource is just released and push back into free-list!
DEBUG: Returning pointer with address: 0xbf5000a60
The resource is just released and push back into free-list!
DEBUG: Returning pointer with address: 0xbf5000a60
The resource is just released and push back into free-list!
DEBUG: Returning pointer with address: 0xbf5000a60
The resource is just released and push back into free-list!
DEBUG: Returning pointer with address: 0xbf5000a60
The resource is just released and push back into free-list!
DEBUG: Returning pointer with address: 0xbf5000a60
The resource is just released and push back into free-list!
DEBUG: Returning pointer with address: 0xbf5000a60
The resource is just released and push back into free-list!
DEBUG: Returning pointer with address: 0xbf5000a60
The resource is just released and push back into free-list!
DEBUG: Returning pointer with address: 0xbf5000a60
The resource is just released and push back into free-list!
DEBUG: Returning pointer with address: 0xbf5000a60
The resource is just released and push back into free-list!
DEBUG: Returning pointer with address: 0xbf5000a60
The resource is just released and push back into free-list!
DEBUG: Returning pointer with address: 0xbf5000a60
The resource is just released and push back into free-list!
DEBUG: Returning pointer with address: 0xbf5000a60
The resource is just released and push back into free-list!
DEBUG: Returning pointer with address: 0xbf5000a60
The resource is just released and push back into free-list!
DEBUG: Returning pointer with address: 0xbf5000a60
The resource is just released and push back into free-list!
DEBUG: Returning pointer with address: 0xbf5000a60
The resource is just released and push back into free-list!
DEBUG: Returning pointer with address: 0xbf5000a60
The resource is just released and push back into free-list!
DEBUG: Returning pointer with address: 0xbf5000a60
The resource is just released and push back into free-list!
DEBUG: Returning pointer with address: 0xbf5000a60
The resource is just released and push back into free-list!
DEBUG: Returning pointer with address: 0xbf5000a60
The resource is just released and push back into free-list!
DEBUG: Returning pointer with address: 0xbf5000a60
The resource is just released and push back into free-list!
DEBUG: Returning pointer with address: 0xbf5000a60
The resource is just released and push back into free-list!
DEBUG: Returning pointer with address: 0xbf5000a60
The resource is just released and push back into free-list!
DEBUG: Returning pointer with address: 0xbf5000a60
The resource is just released and push back into free-list!
DEBUG: Returning pointer with address: 0xbf5000a60
The resource is just released and push back into free-list!
DEBUG: Returning pointer with address: 0xbf5000a60
The resource is just released and push back into free-list!
DEBUG: Returning pointer with address: 0xbf5000a60
The resource is just released and push back into free-list!
DEBUG: Returning pointer with address: 0xbf5000a60
The resource is just released and push back into free-list!
DEBUG: Returning pointer with address: 0xbf5000a60
The resource is just released and push back into free-list!
DEBUG: Returning pointer with address: 0xbf5000a60
The resource is just released and push back into free-list!
DEBUG: Returning pointer with address: 0xbf5000a60
The resource is just released and push back into free-list!
DEBUG: Returning pointer with address: 0xbf5000a60
The resource is just released and push back into free-list!
DEBUG: Returning pointer with address: 0xbf5000a60
The resource is just released and push back into free-list!
DEBUG: Returning pointer with address: 0xbf5000a60
The resource is just released and push back into free-list!
DEBUG: Returning pointer with address: 0xbf5000a60
The resource is just released and push back into free-list!
DEBUG: Returning pointer with address: 0xbf5000a60
The resource is just released and push back into free-list!
DEBUG: Returning pointer with address: 0xbf5000a60
The resource is just released and push back into free-list!
DEBUG: Returning pointer with address: 0xbf5000a60
The resource is just released and push back into free-list!
DEBUG: Returning pointer with address: 0xbf5000a60
The resource is just released and push back into free-list!
DEBUG: Returning pointer with address: 0xbf5000a60
The resource is just released and push back into free-list!
DEBUG: Returning pointer with address: 0xbf5000a60
The resource is just released and push back into free-list!
DEBUG: Returning pointer with address: 0xbf5000a60
The resource is just released and push back into free-list!
DEBUG: Returning pointer with address: 0xbf5000a60
The resource is just released and push back into free-list!
DEBUG: Returning pointer with address: 0xbf5000a60
The resource is just released and push back into free-list!
DEBUG: Returning pointer with address: 0xbf5000a60
The resource is just released and push back into free-list!
DEBUG: Returning pointer with address: 0xbf5000a60
The resource is just released and push back into free-list!
DEBUG: Returning pointer with address: 0xbf5000a60
The resource is just released and push back into free-list!
DEBUG: Returning pointer with address: 0xbf5000a60
The resource is just released and push back into free-list!
DEBUG: Returning pointer with address: 0xbf5000a60
The resource is just released and push back into free-list!
DEBUG: Returning pointer with address: 0xbf5000a60
The resource is just released and push back into free-list!
DEBUG: Returning pointer with address: 0xbf5000a60
The resource is just released and push back into free-list!
DEBUG: Returning pointer with address: 0xbf5000a60
The resource is just released and push back into free-list!
DEBUG: Returning pointer with address: 0xbf5000a60
The resource is just released and push back into free-list!
DEBUG: Returning pointer with address: 0xbf5000a60
The resource is just released and push back into free-list!
DEBUG: Returning pointer with address: 0xbf5000a60
The resource is just released and push back into free-list!
DEBUG: Returning pointer with address: 0xbf5000a60
The resource is just released and push back into free-list!
DEBUG: Returning pointer with address: 0xbf5000a60
The resource is just released and push back into free-list!
DEBUG: Returning pointer with address: 0xbf5000a60
The resource is just released and push back into free-list!
DEBUG: Returning pointer with address: 0xbf5000a60
The resource is just released and push back into free-list!
DEBUG: Returning pointer with address: 0xbf5000a60
The resource is just released and push back into free-list!
DEBUG: Returning pointer with address: 0xbf5000a60
The resource is just released and push back into free-list!
DEBUG: Returning pointer with address: 0xbf5000a60
The resource is just released and push back into free-list!
DEBUG: Returning pointer with address: 0xbf5000a60
The resource is just released and push back into free-list!
DEBUG: Returning pointer with address: 0xbf5000a60
The resource is just released and push back into free-list!
DEBUG: Returning pointer with address: 0xbf5000a60
The resource is just released and push back into free-list!
DEBUG: Returning pointer with address: 0xbf5000a60
The resource is just released and push back into free-list!
DEBUG: Returning pointer with address: 0xbf5000a60
The resource is just released and push back into free-list!
DEBUG: Returning pointer with address: 0xbf5000a60
The resource is just released and push back into free-list!
DEBUG: Returning pointer with address: 0xbf5000a60
The resource is just released and push back into free-list!
DEBUG: Returning pointer with address: 0xbf5000a60
The resource is just released and push back into free-list!
DEBUG: Returning pointer with address: 0xbf5000a60
The resource is just released and push back into free-list!
DEBUG: Returning pointer with address: 0xbf5000a60
The resource is just released and push back into free-list!
DEBUG: Returning pointer with address: 0xbf5000a60
The resource is just released and push back into free-list!
DEBUG: Returning pointer with address: 0xbf5000a60
The resource is just released and push back into free-list!
DEBUG: Returning pointer with address: 0xbf5000a60
The resource is just released and push back into free-list!
DEBUG: Returning pointer with address: 0xbf5000a60
The resource is just released and push back into free-list!
DEBUG: Returning pointer with address: 0xbf5000a60
The resource is just released and push back into free-list!
DEBUG: Returning pointer with address: 0xbf5000a60
The resource is just released and push back into free-list!
DEBUG: Returning pointer with address: 0xbf5000a60
The resource is just released and push back into free-list!
DEBUG: Returning pointer with address: 0xbf5000a60
The resource is just released and push back into free-list!
DEBUG: Returning pointer with address: 0xbf5000a60
The resource is just released and push back into free-list!
DEBUG: Returning pointer with address: 0xbf5000a60
The resource is just released and push back into free-list!
DEBUG: Returning pointer with address: 0xbf5000a60
The resource is just released and push back into free-list!
DEBUG: Returning pointer with address: 0xbf5000a60
The resource is just released and push back into free-list!
DEBUG: Returning pointer with address: 0xbf5000a60
The resource is just released and push back into free-list!
DEBUG: Returning pointer with address: 0xbf5000a60
The resource is just released and push back into free-list!
DEBUG: Returning pointer with address: 0xbf5000a60
The resource is just released and push back into free-list!
DEBUG: Returning pointer with address: 0xbf5000a60
The resource is just released and push back into free-list!
DEBUG: Returning pointer with address: 0xbf5000a60
The resource is just released and push back into free-list!
DEBUG: Returning pointer with address: 0xbf5000a60
The resource is just released and push back into free-list!
DEBUG: Returning pointer with address: 0xbf5000a60
The resource is just released and push back into free-list!
DEBUG: Returning pointer with address: 0xbf5000a60
The resource is just released and push back into free-list!
DEBUG: Returning pointer with address: 0xbf5000a60
The resource is just released and push back into free-list!
DEBUG: Returning pointer with address: 0xbf5000a60
The resource is just released and push back into free-list!
DEBUG: Returning pointer with address: 0xbf5000a60
The resource is just released and push back into free-list!
DEBUG: Returning pointer with address: 0xbf5000a60
The resource is just released and push back into free-list!
DEBUG: Returning pointer with address: 0xbf5000a60
The resource is just released and push back into free-list!
DEBUG: Returning pointer with address: 0xbf5000a60
The resource is just released and push back into free-list!
DEBUG: Returning pointer with address: 0xbf5000a60
The resource is just released and push back into free-list!
DEBUG: Returning pointer with address: 0xbf5000a60
The resource is just released and push back into free-list!
DEBUG: Returning pointer with address: 0xbf5000a60
The resource is just released and push back into free-list!
DEBUG: Returning pointer with address: 0xbf5000a60
The resource is just released and push back into free-list!
DEBUG: Returning pointer with address: 0xbf5000a60
The resource is just released and push back into free-list!
DEBUG: Returning pointer with address: 0xbf5000a60
The resource is just released and push back into free-list!
DEBUG: Returning pointer with address: 0xbf5000a60
The resource is just released and push back into free-list!
DEBUG: Returning pointer with address: 0xbf5000a60
The resource is just released and push back into free-list!
DEBUG: Returning pointer with address: 0xbf5000a60
The resource is just released and push back into free-list!
DEBUG: Returning pointer with address: 0xbf5000a60
The resource is just released and push back into free-list!
DEBUG: Returning pointer with address: 0xbf5000a60
The resource is just released and push back into free-list!
DEBUG: Returning pointer with address: 0xbf5000a60
The resource is just released and push back into free-list!
DEBUG: Returning pointer with address: 0xbf5000a60
The resource is just released and push back into free-list!
DEBUG: Returning pointer with address: 0xbf5000a60
The resource is just released and push back into free-list!
DEBUG: Returning pointer with address: 0xbf5000a60
The resource is just released and push back into free-list!
DEBUG: Returning pointer with address: 0xbf5000a60
The resource is just released and push back into free-list!
DEBUG: Returning pointer with address: 0xbf5000a60
The resource is just released and push back into free-list!
DEBUG: Returning pointer with address: 0xbf5000a60
The resource is just released and push back into free-list!
DEBUG: Returning pointer with address: 0xbf5000a60
The resource is just released and push back into free-list!
DEBUG: Returning pointer with address: 0xbf5000a60
The resource is just released and push back into free-list!
DEBUG: Returning pointer with address: 0xbf5000a60
The resource is just released and push back into free-list!
DEBUG: Returning pointer with address: 0xbf5000a60
The resource is just released and push back into free-list!
DEBUG: Returning pointer with address: 0xbf5000a60
The resource is just released and push back into free-list!
DEBUG: Returning pointer with address: 0xbf5000a60
The resource is just released and push back into free-list!
DEBUG: Returning pointer with address: 0xbf5000a60
The resource is just released and push back into free-list!
DEBUG: Returning pointer with address: 0xbf5000a60
The resource is just released and push back into free-list!
DEBUG: Returning pointer with address: 0xbf5000a60
The resource is just released and push back into free-list!
DEBUG: Returning pointer with address: 0xbf5000a60
The resource is just released and push back into free-list!
DEBUG: Returning pointer with address: 0xbf5000a60
The resource is just released and push back into free-list!
DEBUG: Returning pointer with address: 0xbf5000a60
The resource is just released and push back into free-list!
DEBUG: Returning pointer with address: 0xbf5000a60
The resource is just released and push back into free-list!
DEBUG: Returning pointer with address: 0xbf5000a60
The resource is just released and push back into free-list!
DEBUG: Returning pointer with address: 0xbf5000a60
The resource is just released and push back into free-list!
DEBUG: Returning pointer with address: 0xbf5000a60
The resource is just released and push back into free-list!
DEBUG: Returning pointer with address: 0xbf5000a60
The resource is just released and push back into free-list!
DEBUG: Returning pointer with address: 0xbf5000a60
The resource is just released and push back into free-list!
DEBUG: Returning pointer with address: 0xbf5000a60
The resource is just released and push back into free-list!
DEBUG: Returning pointer with address: 0xbf5000a60
The resource is just released and push back into free-list!
DEBUG: Returning pointer with address: 0xbf5000a60
The resource is just released and push back into free-list!
DEBUG: Returning pointer with address: 0xbf5000a60
The resource is just released and push back into free-list!
DEBUG: Returning pointer with address: 0xbf5000a60
The resource is just released and push back into free-list!
DEBUG: Returning pointer with address: 0xbf5000a60
The resource is just released and push back into free-list!
DEBUG: Returning pointer with address: 0xbf5000a60
The resource is just released and push back into free-list!
DEBUG: Returning pointer with address: 0xbf5000a60
The resource is just released and push back into free-list!
DEBUG: Returning pointer with address: 0xbf5000a60
The resource is just released and push back into free-list!
DEBUG: Returning pointer with address: 0xbf5000a60
The resource is just released and push back into free-list!
DEBUG: Returning pointer with address: 0xbf5000a60
The resource is just released and push back into free-list!
DEBUG: Returning pointer with address: 0xbf5000a60
The resource is just released and push back into free-list!
DEBUG: Returning pointer with address: 0xbf5000a60
The resource is just released and push back into free-list!
DEBUG: Returning pointer with address: 0xbf5000a60
The resource is just released and push back into free-list!
DEBUG: Returning pointer with address: 0xbf5000a60
The resource is just released and push back into free-list!
DEBUG: Returning pointer with address: 0xbf5000a60
The resource is just released and push back into free-list!
DEBUG: Returning pointer with address: 0xbf5000a60
The resource is just released and push back into free-list!
DEBUG: Returning pointer with address: 0xbf5000a60
The resource is just released and push back into free-list!
DEBUG: Returning pointer with address: 0xbf5000a60
The resource is just released and push back into free-list!
DEBUG: Returning pointer with address: 0xbf5000a60
The resource is just released and push back into free-list!
DEBUG: Returning pointer with address: 0xbf5000a60
The resource is just released and push back into free-list!
DEBUG: Returning pointer with address: 0xbf5000a60
The resource is just released and push back into free-list!
DEBUG: Returning pointer with address: 0xbf5000a60
The resource is just released and push back into free-list!
DEBUG: Returning pointer with address: 0xbf5000a60
The resource is just released and push back into free-list!
DEBUG: Returning pointer with address: 0xbf5000a60
The resource is just released and push back into free-list!
DEBUG: Returning pointer with address: 0xbf5000a60
The resource is just released and push back into free-list!
DEBUG: Returning pointer with address: 0xbf5000a60
The resource is just released and push back into free-list!
DEBUG: Returning pointer with address: 0xbf5000a60
The resource is just released and push back into free-list!
DEBUG: Returning pointer with address: 0xbf5000a60
The resource is just released and push back into free-list!
DEBUG: Returning pointer with address: 0xbf5000a60
The resource is just released and push back into free-list!
DEBUG: Returning pointer with address: 0xbf5000a60
The resource is just released and push back into free-list!
DEBUG: Returning pointer with address: 0xbf5000a60
The resource is just released and push back into free-list!
DEBUG: Returning pointer with address: 0xbf5000a60
The resource is just released and push back into free-list!
DEBUG: Returning pointer with address: 0xbf5000a60
The resource is just released and push back into free-list!
DEBUG: Returning pointer with address: 0xbf5000a60
The resource is just released and push back into free-list!
DEBUG: Returning pointer with address: 0xbf5000a60
The resource is just released and push back into free-list!
DEBUG: Returning pointer with address: 0xbf5000a60
The resource is just released and push back into free-list!
DEBUG: Returning pointer with address: 0xbf5000a60
The resource is just released and push back into free-list!
DEBUG: Returning pointer with address: 0xbf5000a60
The resource is just released and push back into free-list!
DEBUG: Returning pointer with address: 0xbf5000a60
The resource is just released and push back into free-list!
DEBUG: Returning pointer with address: 0xbf5000a60
The resource is just released and push back into free-list!
DEBUG: Returning pointer with address: 0xbf5000a60
The resource is just released and push back into free-list!
DEBUG: Returning pointer with address: 0xbf5000a60
The resource is just released and push back into free-list!
DEBUG: Returning pointer with address: 0xbf5000a60
The resource is just released and push back into free-list!
DEBUG: Returning pointer with address: 0xbf5000a60
The resource is just released and push back into free-list!
DEBUG: Returning pointer with address: 0xbf5000a60
The resource is just released and push back into free-list!
DEBUG: Returning pointer with address: 0xbf5000a60
The resource is just released and push back into free-list!
DEBUG: Returning pointer with address: 0xbf5000a60
The resource is just released and push back into free-list!
DEBUG: Returning pointer with address: 0xbf5000a60
The resource is just released and push back into free-list!
DEBUG: Returning pointer with address: 0xbf5000a60
The resource is just released and push back into free-list!
DEBUG: Returning pointer with address: 0xbf5000a60
The resource is just released and push back into free-list!
DEBUG: Returning pointer with address: 0xbf5000a60
The resource is just released and push back into free-list!
DEBUG: Returning pointer with address: 0xbf5000a60
The resource is just released and push back into free-list!
DEBUG: Returning pointer with address: 0xbf5000a60
The resource is just released and push back into free-list!
DEBUG: Returning pointer with address: 0xbf5000a60
The resource is just released and push back into free-list!
DEBUG: Returning pointer with address: 0xbf5000a60
The resource is just released and push back into free-list!
DEBUG: Returning pointer with address: 0xbf5000a60
The resource is just released and push back into free-list!
DEBUG: Returning pointer with address: 0xbf5000a60
The resource is just released and push back into free-list!
DEBUG: Returning pointer with address: 0xbf5000a60
The resource is just released and push back into free-list!
DEBUG: Returning pointer with address: 0xbf5000a60
The resource is just released and push back into free-list!
DEBUG: Returning pointer with address: 0xbf5000a60
The resource is just released and push back into free-list!
DEBUG: Returning pointer with address: 0xbf5000a60
The resource is just released and push back into free-list!
DEBUG: Returning pointer with address: 0xbf5000a60
The resource is just released and push back into free-list!
DEBUG: Returning pointer with address: 0xbf5000a60
The resource is just released and push back into free-list!
DEBUG: Returning pointer with address: 0xbf5000a60
The resource is just released and push back into free-list!
DEBUG: Returning pointer with address: 0xbf5000a60
The resource is just released and push back into free-list!
DEBUG: Returning pointer with address: 0xbf5000a60
The resource is just released and push back into free-list!
DEBUG: Returning pointer with address: 0xbf5000a60
The resource is just released and push back into free-list!
DEBUG: Returning pointer with address: 0xbf5000a60
The resource is just released and push back into free-list!
DEBUG: Returning pointer with address: 0xbf5000a60
The resource is just released and push back into free-list!
DEBUG: Returning pointer with address: 0xbf5000a60
The resource is just released and push back into free-list!
DEBUG: Returning pointer with address: 0xbf5000a60
The resource is just released and push back into free-list!
DEBUG: Returning pointer with address: 0xbf5000a60
The resource is just released and push back into free-list!
DEBUG: Returning pointer with address: 0xbf5000a60
The resource is just released and push back into free-list!
DEBUG: Returning pointer with address: 0xbf5000a60
The resource is just released and push back into free-list!
DEBUG: Returning pointer with address: 0xbf5000a60
The resource is just released and push back into free-list!
DEBUG: Returning pointer with address: 0xbf5000a60
The resource is just released and push back into free-list!
DEBUG: Returning pointer with address: 0xbf5000a60
The resource is just released and push back into free-list!
DEBUG: Returning pointer with address: 0xbf5000a60
The resource is just released and push back into free-list!
DEBUG: Returning pointer with address: 0xbf5000a60
The resource is just released and push back into free-list!
DEBUG: Returning pointer with address: 0xbf5000a60
The resource is just released and push back into free-list!
DEBUG: Returning pointer with address: 0xbf5000a60
The resource is just released and push back into free-list!
DEBUG: Returning pointer with address: 0xbf5000a60
The resource is just released and push back into free-list!
DEBUG: Returning pointer with address: 0xbf5000a60
The resource is just released and push back into free-list!
DEBUG: Returning pointer with address: 0xbf5000a60
The resource is just released and push back into free-list!
DEBUG: Returning pointer with address: 0xbf5000a60
The resource is just released and push back into free-list!
DEBUG: Returning pointer with address: 0xbf5000a60
The resource is just released and push back into free-list!
DEBUG: Returning pointer with address: 0xbf5000a60
The resource is just released and push back into free-list!
DEBUG: Returning pointer with address: 0xbf5000a60
The resource is just released and push back into free-list!
DEBUG: Returning pointer with address: 0xbf5000a60
The resource is just released and push back into free-list!
DEBUG: Returning pointer with address: 0xbf5000a60
The resource is just released and push back into free-list!
DEBUG: Returning pointer with address: 0xbf5000a60
The resource is just released and push back into free-list!
DEBUG: Returning pointer with address: 0xbf5000a60
The resource is just released and push back into free-list!
DEBUG: Returning pointer with address: 0xbf5000a60
The resource is just released and push back into free-list!
DEBUG: Returning pointer with address: 0xbf5000a60
The resource is just released and push back into free-list!
DEBUG: Returning pointer with address: 0xbf5000a60
The resource is just released and push back into free-list!
DEBUG: Returning pointer with address: 0xbf5000a60
The resource is just released and push back into free-list!
DEBUG: Returning pointer with address: 0xbf5000a60
The resource is just released and push back into free-list!
DEBUG: Returning pointer with address: 0xbf5000a60
The resource is just released and push back into free-list!
DEBUG: Returning pointer with address: 0xbf5000a60
The resource is just released and push back into free-list!
DEBUG: Returning pointer with address: 0xbf5000a60
The resource is just released and push back into free-list!
DEBUG: Returning pointer with address: 0xbf5000a60
The resource is just released and push back into free-list!
DEBUG: Returning pointer with address: 0xbf5000a60
The resource is just released and push back into free-list!
DEBUG: Returning pointer with address: 0xbf5000a60
The resource is just released and push back into free-list!
DEBUG: Returning pointer with address: 0xbf5000a60
The resource is just released and push back into free-list!
DEBUG: Returning pointer with address: 0xbf5000a60
The resource is just released and push back into free-list!
DEBUG: Returning pointer with address: 0xbf5000a60
The resource is just released and push back into free-list!
DEBUG: Returning pointer with address: 0xbf5000a60
The resource is just released and push back into free-list!
DEBUG: Returning pointer with address: 0xbf5000a60
The resource is just released and push back into free-list!
DEBUG: Returning pointer with address: 0xbf5000a60
The resource is just released and push back into free-list!
DEBUG: Returning pointer with address: 0xbf5000a60
The resource is just released and push back into free-list!
DEBUG: Returning pointer with address: 0xbf5000a60
The resource is just released and push back into free-list!
DEBUG: Returning pointer with address: 0xbf5000a60
The resource is just released and push back into free-list!
DEBUG: Returning pointer with address: 0xbf5000a60
The resource is just released and push back into free-list!
DEBUG: Returning pointer with address: 0xbf5000a60
The resource is just released and push back into free-list!
DEBUG: Returning pointer with address: 0xbf5000a60
The resource is just released and push back into free-list!
DEBUG: Returning pointer with address: 0xbf5000a60
The resource is just released and push back into free-list!
DEBUG: Returning pointer with address: 0xbf5000a60
The resource is just released and push back into free-list!
DEBUG: Returning pointer with address: 0xbf5000a60
The resource is just released and push back into free-list!
DEBUG: Returning pointer with address: 0xbf5000a60
The resource is just released and push back into free-list!
DEBUG: Returning pointer with address: 0xbf5000a60
The resource is just released and push back into free-list!
DEBUG: Returning pointer with address: 0xbf5000a60
The resource is just released and push back into free-list!
DEBUG: Returning pointer with address: 0xbf5000a60
The resource is just released and push back into free-list!
DEBUG: Returning pointer with address: 0xbf5000a60
The resource is just released and push back into free-list!
DEBUG: Returning pointer with address: 0xbf5000a60
The resource is just released and push back into free-list!
DEBUG: Returning pointer with address: 0xbf5000a60
The resource is just released and push back into free-list!
DEBUG: Returning pointer with address: 0xbf5000a60
The resource is just released and push back into free-list!
DEBUG: Returning pointer with address: 0xbf5000a60
The resource is just released and push back into free-list!
DEBUG: Returning pointer with address: 0xbf5000a60
The resource is just released and push back into free-list!
DEBUG: Returning pointer with address: 0xbf5000a60
The resource is just released and push back into free-list!
DEBUG: Returning pointer with address: 0xbf5000a60
The resource is just released and push back into free-list!
DEBUG: Returning pointer with address: 0xbf5000a60
The resource is just released and push back into free-list!
DEBUG: Returning pointer with address: 0xbf5000a60
The resource is just released and push back into free-list!
DEBUG: Returning pointer with address: 0xbf5000a60
The resource is just released and push back into free-list!
DEBUG: Returning pointer with address: 0xbf5000a60
The resource is just released and push back into free-list!
DEBUG: Returning pointer with address: 0xbf5000a60
The resource is just released and push back into free-list!
DEBUG: Returning pointer with address: 0xbf5000a60
The resource is just released and push back into free-list!
DEBUG: Returning pointer with address: 0xbf5000a60
The resource is just released and push back into free-list!
DEBUG: Returning pointer with address: 0xbf5000a60
The resource is just released and push back into free-list!
DEBUG: Returning pointer with address: 0xbf5000a60
The resource is just released and push back into free-list!
DEBUG: Returning pointer with address: 0xbf5000a60
The resource is just released and push back into free-list!
DEBUG: Returning pointer with address: 0xbf5000a60
The resource is just released and push back into free-list!
DEBUG: Returning pointer with address: 0xbf5000a60
The resource is just released and push back into free-list!
DEBUG: Returning pointer with address: 0xbf5000a60
The resource is just released and push back into free-list!
DEBUG: Returning pointer with address: 0xbf5000a60
The resource is just released and push back into free-list!
DEBUG: Returning pointer with address: 0xbf5000a60
The resource is just released and push back into free-list!
DEBUG: Returning pointer with address: 0xbf5000a60
The resource is just released and push back into free-list!
DEBUG: Returning pointer with address: 0xbf5000a60
The resource is just released and push back into free-list!
DEBUG: Returning pointer with address: 0xbf5000a60
The resource is just released and push back into free-list!
DEBUG: Returning pointer with address: 0xbf5000a60
The resource is just released and push back into free-list!
DEBUG: Returning pointer with address: 0xbf5000a60
The resource is just released and push back into free-list!
DEBUG: Returning pointer with address: 0xbf5000a60
The resource is just released and push back into free-list!
DEBUG: Returning pointer with address: 0xbf5000a60
The resource is just released and push back into free-list!
DEBUG: Returning pointer with address: 0xbf5000a60
The resource is just released and push back into free-list!
DEBUG: Returning pointer with address: 0xbf5000a60
The resource is just released and push back into free-list!
DEBUG: Returning pointer with address: 0xbf5000a60
The resource is just released and push back into free-list!
DEBUG: Returning pointer with address: 0xbf5000a60
The resource is just released and push back into free-list!
DEBUG: Returning pointer with address: 0xbf5000a60
The resource is just released and push back into free-list!
DEBUG: Returning pointer with address: 0xbf5000a60
The resource is just released and push back into free-list!
DEBUG: Returning pointer with address: 0xbf5000a60
The resource is just released and push back into free-list!
DEBUG: Returning pointer with address: 0xbf5000a60
The resource is just released and push back into free-list!
DEBUG: Returning pointer with address: 0xbf5000a60
The resource is just released and push back into free-list!
DEBUG: Returning pointer with address: 0xbf5000a60
The resource is just released and push back into free-list!
DEBUG: Returning pointer with address: 0xbf5000a60
The resource is just released and push back into free-list!
DEBUG: Returning pointer with address: 0xbf5000a60
The resource is just released and push back into free-list!
DEBUG: Returning pointer with address: 0xbf5000a60
The resource is just released and push back into free-list!
DEBUG: Returning pointer with address: 0xbf5000a60
The resource is just released and push back into free-list!
DEBUG: Returning pointer with address: 0xbf5000a60
The resource is just released and push back into free-list!
DEBUG: Returning pointer with address: 0xbf5000a60
The resource is just released and push back into free-list!
DEBUG: Returning pointer with address: 0xbf5000a60
The resource is just released and push back into free-list!
DEBUG: Returning pointer with address: 0xbf5000a60
The resource is just released and push back into free-list!
DEBUG: Returning pointer with address: 0xbf5000a60
The resource is just released and push back into free-list!
DEBUG: Returning pointer with address: 0xbf5000a60
The resource is just released and push back into free-list!
DEBUG: Returning pointer with address: 0xbf5000a60
The resource is just released and push back into free-list!
DEBUG: Returning pointer with address: 0xbf5000a60
The resource is just released and push back into free-list!
DEBUG: Returning pointer with address: 0xbf5000a60
The resource is just released and push back into free-list!
DEBUG: Returning pointer with address: 0xbf5000a60
The resource is just released and push back into free-list!
DEBUG: Returning pointer with address: 0xbf5000a60
The resource is just released and push back into free-list!
DEBUG: Returning pointer with address: 0xbf5000a60
The resource is just released and push back into free-list!
DEBUG: Returning pointer with address: 0xbf5000a60
The resource is just released and push back into free-list!
DEBUG: Returning pointer with address: 0xbf5000a60
The resource is just released and push back into free-list!
DEBUG: Returning pointer with address: 0xbf5000a60
The resource is just released and push back into free-list!
DEBUG: Returning pointer with address: 0xbf5000a60
The resource is just released and push back into free-list!
DEBUG: Returning pointer with address: 0xbf5000a60
The resource is just released and push back into free-list!
DEBUG: Returning pointer with address: 0xbf5000a60
The resource is just released and push back into free-list!
DEBUG: Returning pointer with address: 0xbf5000a60
The resource is just released and push back into free-list!
DEBUG: Returning pointer with address: 0xbf5000a60
The resource is just released and push back into free-list!
DEBUG: Returning pointer with address: 0xbf5000a60
The resource is just released and push back into free-list!
DEBUG: Returning pointer with address: 0xbf5000a60
The resource is just released and push back into free-list!
DEBUG: Returning pointer with address: 0xbf5000a60
The resource is just released and push back into free-list!
DEBUG: Returning pointer with address: 0xbf5000a60
The resource is just released and push back into free-list!
DEBUG: Returning pointer with address: 0xbf5000a60
The resource is just released and push back into free-list!
DEBUG: Returning pointer with address: 0xbf5000a60
The resource is just released and push back into free-list!
DEBUG: Returning pointer with address: 0xbf5000a60
The resource is just released and push back into free-list!
DEBUG: Returning pointer with address: 0xbf5000a60
The resource is just released and push back into free-list!
DEBUG: Returning pointer with address: 0xbf5000a60
The resource is just released and push back into free-list!
DEBUG: Returning pointer with address: 0xbf5000a60
The resource is just released and push back into free-list!
DEBUG: Returning pointer with address: 0xbf5000a60
The resource is just released and push back into free-list!
DEBUG: Returning pointer with address: 0xbf5000a60
The resource is just released and push back into free-list!
DEBUG: Returning pointer with address: 0xbf5000a60
The resource is just released and push back into free-list!
DEBUG: Returning pointer with address: 0xbf5000a60
The resource is just released and push back into free-list!
DEBUG: Returning pointer with address: 0xbf5000a60
The resource is just released and push back into free-list!
DEBUG: Returning pointer with address: 0xbf5000a60
The resource is just released and push back into free-list!
DEBUG: Returning pointer with address: 0xbf5000a60
The resource is just released and push back into free-list!
DEBUG: Returning pointer with address: 0xbf5000a60
The resource is just released and push back into free-list!
DEBUG: Returning pointer with address: 0xbf5000a60
The resource is just released and push back into free-list!
DEBUG: Returning pointer with address: 0xbf5000a60
The resource is just released and push back into free-list!
DEBUG: Returning pointer with address: 0xbf5000a60
The resource is just released and push back into free-list!
DEBUG: Returning pointer with address: 0xbf5000a60
The resource is just released and push back into free-list!
DEBUG: Returning pointer with address: 0xbf5000a60
The resource is just released and push back into free-list!
DEBUG: Returning pointer with address: 0xbf5000a60
The resource is just released and push back into free-list!
DEBUG: Returning pointer with address: 0xbf5000a60
The resource is just released and push back into free-list!
DEBUG: Returning pointer with address: 0xbf5000a60
The resource is just released and push back into free-list!
DEBUG: Returning pointer with address: 0xbf5000a60
The resource is just released and push back into free-list!
DEBUG: Returning pointer with address: 0xbf5000a60
The resource is just released and push back into free-list!
DEBUG: Returning pointer with address: 0xbf5000a60
The resource is just released and push back into free-list!
DEBUG: Returning pointer with address: 0xbf5000a60
The resource is just released and push back into free-list!
DEBUG: Returning pointer with address: 0xbf5000a60
The resource is just released and push back into free-list!
DEBUG: Returning pointer with address: 0xbf5000a60
The resource is just released and push back into free-list!
DEBUG: Returning pointer with address: 0xbf5000a60
The resource is just released and push back into free-list!
DEBUG: Returning pointer with address: 0xbf5000a60
The resource is just released and push back into free-list!
DEBUG: Returning pointer with address: 0xbf5000a60
The resource is just released and push back into free-list!
DEBUG: Returning pointer with address: 0xbf5000a60
The resource is just released and push back into free-list!
DEBUG: Returning pointer with address: 0xbf5000a60
The resource is just released and push back into free-list!
DEBUG: Returning pointer with address: 0xbf5000a60
The resource is just released and push back into free-list!
DEBUG: Returning pointer with address: 0xbf5000a60
The resource is just released and push back into free-list!
DEBUG: Returning pointer with address: 0xbf5000a60
The resource is just released and push back into free-list!
DEBUG: Returning pointer with address: 0xbf5000a60
The resource is just released and push back into free-list!
DEBUG: Returning pointer with address: 0xbf5000a60
The resource is just released and push back into free-list!
DEBUG: Returning pointer with address: 0xbf5000a60
The resource is just released and push back into free-list!
DEBUG: Returning pointer with address: 0xbf5000a60
The resource is just released and push back into free-list!
DEBUG: Returning pointer with address: 0xbf5000a60
The resource is just released and push back into free-list!
DEBUG: Returning pointer with address: 0xbf5000a60
The resource is just released and push back into free-list!
DEBUG: Returning pointer with address: 0xbf5000a60
The resource is just released and push back into free-list!
DEBUG: Returning pointer with address: 0xbf5000a60
The resource is just released and push back into free-list!
DEBUG: Returning pointer with address: 0xbf5000a60
The resource is just released and push back into free-list!
DEBUG: Returning pointer with address: 0xbf5000a60
The resource is just released and push back into free-list!
DEBUG: Returning pointer with address: 0xbf5000a60
The resource is just released and push back into free-list!
DEBUG: Returning pointer with address: 0xbf5000a60
The resource is just released and push back into free-list!
DEBUG: Returning pointer with address: 0xbf5000a60
The resource is just released and push back into free-list!
DEBUG: Returning pointer with address: 0xbf5000a60
The resource is just released and push back into free-list!
DEBUG: Returning pointer with address: 0xbf5000a60
The resource is just released and push back into free-list!
DEBUG: Returning pointer with address: 0xbf5000a60
The resource is just released and push back into free-list!
DEBUG: Returning pointer with address: 0xbf5000a60
The resource is just released and push back into free-list!
DEBUG: Returning pointer with address: 0xbf5000a60
The resource is just released and push back into free-list!
DEBUG: Returning pointer with address: 0xbf5000a60
The resource is just released and push back into free-list!
DEBUG: Returning pointer with address: 0xbf5000a60
The resource is just released and push back into free-list!
DEBUG: Returning pointer with address: 0xbf5000a60
The resource is just released and push back into free-list!
DEBUG: Returning pointer with address: 0xbf5000a60
The resource is just released and push back into free-list!
DEBUG: Returning pointer with address: 0xbf5000a60
The resource is just released and push back into free-list!
DEBUG: Returning pointer with address: 0xbf5000a60
The resource is just released and push back into free-list!
DEBUG: Returning pointer with address: 0xbf5000a60
The resource is just released and push back into free-list!
DEBUG: Returning pointer with address: 0xbf5000a60
The resource is just released and push back into free-list!
DEBUG: Returning pointer with address: 0xbf5000a60
The resource is just released and push back into free-list!
DEBUG: Returning pointer with address: 0xbf5000a60
The resource is just released and push back into free-list!
DEBUG: Returning pointer with address: 0xbf5000a60
The resource is just released and push back into free-list!
DEBUG: Returning pointer with address: 0xbf5000a60
The resource is just released and push back into free-list!
DEBUG: Returning pointer with address: 0xbf5000a60
The resource is just released and push back into free-list!
DEBUG: Returning pointer with address: 0xbf5000a60
The resource is just released and push back into free-list!
DEBUG: Returning pointer with address: 0xbf5000a60
The resource is just released and push back into free-list!
DEBUG: Returning pointer with address: 0xbf5000a60
The resource is just released and push back into free-list!
DEBUG: Returning pointer with address: 0xbf5000a60
The resource is just released and push back into free-list!
DEBUG: Returning pointer with address: 0xbf5000a60
The resource is just released and push back into free-list!
DEBUG: Returning pointer with address: 0xbf5000a60
The resource is just released and push back into free-list!
DEBUG: Returning pointer with address: 0xbf5000a60
The resource is just released and push back into free-list!
DEBUG: Returning pointer with address: 0xbf5000a60
The resource is just released and push back into free-list!
DEBUG: Returning pointer with address: 0xbf5000a60
The resource is just released and push back into free-list!
DEBUG: Returning pointer with address: 0xbf5000a60
The resource is just released and push back into free-list!
DEBUG: Returning pointer with address: 0xbf5000a60
The resource is just released and push back into free-list!
DEBUG: Returning pointer with address: 0xbf5000a60
The resource is just released and push back into free-list!
DEBUG: Returning pointer with address: 0xbf5000a60
The resource is just released and push back into free-list!
DEBUG: Returning pointer with address: 0xbf5000a60
The resource is just released and push back into free-list!
DEBUG: Returning pointer with address: 0xbf5000a60
The resource is just released and push back into free-list!
DEBUG: Returning pointer with address: 0xbf5000a60
The resource is just released and push back into free-list!
DEBUG: Returning pointer with address: 0xbf5000a60
The resource is just released and push back into free-list!
DEBUG: Returning pointer with address: 0xbf5000a60
The resource is just released and push back into free-list!
DEBUG: Returning pointer with address: 0xbf5000a60
The resource is just released and push back into free-list!
DEBUG: Returning pointer with address: 0xbf5000a60
The resource is just released and push back into free-list!
DEBUG: Returning pointer with address: 0xbf5000a60
The resource is just released and push back into free-list!
DEBUG: Returning pointer with address: 0xbf5000a60
The resource is just released and push back into free-list!
DEBUG: Returning pointer with address: 0xbf5000a60
The resource is just released and push back into free-list!
DEBUG: Returning pointer with address: 0xbf5000a60
The resource is just released and push back into free-list!
DEBUG: Returning pointer with address: 0xbf5000a60
The resource is just released and push back into free-list!
DEBUG: Returning pointer with address: 0xbf5000a60
The resource is just released and push back into free-list!
DEBUG: Returning pointer with address: 0xbf5000a60
The resource is just released and push back into free-list!
DEBUG: Returning pointer with address: 0xbf5000a60
The resource is just released and push back into free-list!
[...]
DEBUG: Returning pointer with address: 0xbf5000a60
The resource is just released and push back into free-list!
DEBUG: Returning pointer with address: 0xbf5000a60
The resource is just released and push back into free-list!
DEBUG: Returning pointer with address: 0xbf5000a60
The resource is just released and push back into free-list!
DEBUG: Returning pointer with address: 0xbf5000a60
The resource is just released and push back into free-list!
DEBUG: Returning pointer with address: 0xbf5000a60
The resource is just released and push back into free-list!
DEBUG: Returning pointer with address: 0xbf5000a60
The resource is just released and push back into free-list!
DEBUG: Returning pointer with address: 0xbf5000a60
The resource is just released and push back into free-list!
DEBUG: Returning pointer with address: 0xbf5000a60
The resource is just released and push back into free-list!
DEBUG: Returning pointer with address: 0xbf5000a60
The resource is just released and push back into free-list!
DEBUG: Returning pointer with address: 0xbf5000a60
The resource is just released and push back into free-list!
DEBUG: Returning pointer with address: 0xbf5000a60
The resource is just released and push back into free-list!
DEBUG: Returning pointer with address: 0xbf5000a60
The resource is just released and push back into free-list!
DEBUG: Returning pointer with address: 0xbf5000a60
The resource is just released and push back into free-list!
DEBUG: Returning pointer with address: 0xbf5000a60
The resource is just released and push back into free-list!
DEBUG: Returning pointer with address: 0xbf5000a60
The resource is just released and push back into free-list!
DEBUG: Returning pointer with address: 0xbf5000a60
The resource is just released and push back into free-list!
DEBUG: Returning pointer with address: 0xbf5000a60
The resource is just released and push back into free-list!
DEBUG: Returning pointer with address: 0xbf5000a60
The resource is just released and push back into free-list!
DEBUG: Returning pointer with address: 0xbf5000a60
The resource is just released and push back into free-list!
DEBUG: Returning pointer with address: 0xbf5000a60
The resource is just released and push back into free-list!
DEBUG: Returning pointer with address: 0xbf5000a60
The resource is just released and push back into free-list!
DEBUG: Returning pointer with address: 0xbf5000a60
The resource is just released and push back into free-list!
DEBUG: Returning pointer with address: 0xbf5000a60
The resource is just released and push back into free-list!
DEBUG: Returning pointer with address: 0xbf5000a60
The resource is just released and push back into free-list!
DEBUG: Returning pointer with address: 0xbf5000a60
The resource is just released and push back into free-list!
DEBUG: Returning pointer with address: 0xbf5000a60
The resource is just released and push back into free-list!
DEBUG: Returning pointer with address: 0xbf5000a60
The resource is just released and push back into free-list!
DEBUG: Returning pointer with address: 0xbf5000a60
The resource is just released and push back into free-list!
DEBUG: Returning pointer with address: 0xbf5000a60
The resource is just released and push back into free-list!
DEBUG: Returning pointer with address: 0xbf5000a60
The resource is just released and push back into free-list!
DEBUG: Returning pointer with address: 0xbf5000a60
The resource is just released and push back into free-list!
DEBUG: Returning pointer with address: 0xbf5000a60
The resource is just released and push back into free-list!
DEBUG: Returning pointer with address: 0xbf5000a60
The resource is just released and push back into free-list!
DEBUG: Returning pointer with address: 0xbf5000a60
The resource is just released and push back into free-list!
DEBUG: Returning pointer with address: 0xbf5000a60
The resource is just released and push back into free-list!
DEBUG: Returning pointer with address: 0xbf5000a60
The resource is just released and push back into free-list!
DEBUG: Returning pointer with address: 0xbf5000a60
The resource is just released and push back into free-list!
DEBUG: Returning pointer with address: 0xbf5000a60
The resource is just released and push back into free-list!
DEBUG: Returning pointer with address: 0xbf5000a60
The resource is just released and push back into free-list!
DEBUG: Returning pointer with address: 0xbf5000a60
The resource is just released and push back into free-list!
DEBUG: Returning pointer with address: 0xbf5000a60
The resource is just released and push back into free-list!
DEBUG: Returning pointer with address: 0xbf5000a60
The resource is just released and push back into free-list!
DEBUG: Returning pointer with address: 0xbf5000a60
The resource is just released and push back into free-list!
DEBUG: Returning pointer with address: 0xbf5000a60
The resource is just released and push back into free-list!
DEBUG: Returning pointer with address: 0xbf5000a60
The resource is just released and push back into free-list!
DEBUG: Returning pointer with address: 0xbf5000a60
The resource is just released and push back into free-list!
DEBUG: Returning pointer with address: 0xbf5000a60
The resource is just released and push back into free-list!
DEBUG: Returning pointer with address: 0xbf5000a60
The resource is just released and push back into free-list!
DEBUG: Returning pointer with address: 0xbf5000a60
The resource is just released and push back into free-list!
DEBUG: Returning pointer with address: 0xbf5000a60
The resource is just released and push back into free-list!
DEBUG: Returning pointer with address: 0xbf5000a60
The resource is just released and push back into free-list!
DEBUG: Returning pointer with address: 0xbf5000a60
The resource is just released and push back into free-list!
DEBUG: Returning pointer with address: 0xbf5000a60
The resource is just released and push back into free-list!
DEBUG: Returning pointer with address: 0xbf5000a60
The resource is just released and push back into free-list!
DEBUG: Returning pointer with address: 0xbf5000a60
The resource is just released and push back into free-list!
DEBUG: Returning pointer with address: 0xbf5000a60
The resource is just released and push back into free-list!
DEBUG: Returning pointer with address: 0xbf5000a60
The resource is just released and push back into free-list!
DEBUG: Returning pointer with address: 0xbf5000a60
The resource is just released and push back into free-list!
DEBUG: Returning pointer with address: 0xbf5000a60
The resource is just released and push back into free-list!
DEBUG: Returning pointer with address: 0xbf5000a60
The resource is just released and push back into free-list!
DEBUG: Returning pointer with address: 0xbf5000a60
The resource is just released and push back into free-list!
DEBUG: Returning pointer with address: 0xbf5000a60
The resource is just released and push back into free-list!
DEBUG: Returning pointer with address: 0xbf5000a60
The resource is just released and push back into free-list!
DEBUG: Returning pointer with address: 0xbf5000a60
The resource is just released and push back into free-list!
DEBUG: Returning pointer with address: 0xbf5000a60
The resource is just released and push back into free-list!
DEBUG: Returning pointer with address: 0xbf5000a60
The resource is just released and push back into free-list!
DEBUG: Returning pointer with address: 0xbf5000a60
The resource is just released and push back into free-list!
DEBUG: Returning pointer with address: 0xbf5000a60
The resource is just released and push back into free-list!
DEBUG: Returning pointer with address: 0xbf5000a60
The resource is just released and push back into free-list!
DEBUG: Returning pointer with address: 0xbf5000a60
The resource is just released and push back into free-list!
DEBUG: Returning pointer with address: 0xbf5000a60
The resource is just released and push back into free-list!
DEBUG: Returning pointer with address: 0xbf5000a60
The resource is just released and push back into free-list!
DEBUG: Returning pointer with address: 0xbf5000a60
The resource is just released and push back into free-list!
DEBUG: Returning pointer with address: 0xbf5000a60
The resource is just released and push back into free-list!
DEBUG: Returning pointer with address: 0xbf5000a60
The resource is just released and push back into free-list!
DEBUG: Returning pointer with address: 0xbf5000a60
The resource is just released and push back into free-list!
DEBUG: Returning pointer with address: 0xbf5000a60
The resource is just released and push back into free-list!
DEBUG: Returning pointer with address: 0xbf5000a60
The resource is just released and push back into free-list!
DEBUG: Returning pointer with address: 0xbf5000a60
The resource is just released and push back into free-list!
DEBUG: Returning pointer with address: 0xbf5000a60
The resource is just released and push back into free-list!
DEBUG: Returning pointer with address: 0xbf5000a60
The resource is just released and push back into free-list!
DEBUG: Returning pointer with address: 0xbf5000a60
The resource is just released and push back into free-list!
DEBUG: Returning pointer with address: 0xbf5000a60
The resource is just released and push back into free-list!
DEBUG: Returning pointer with address: 0xbf5000a60
The resource is just released and push back into free-list!
DEBUG: Returning pointer with address: 0xbf5000a60
The resource is just released and push back into free-list!
DEBUG: Returning pointer with address: 0xbf5000a60
The resource is just released and push back into free-list!
DEBUG: Returning pointer with address: 0xbf5000a60
The resource is just released and push back into free-list!
DEBUG: Returning pointer with address: 0xbf5000a60
The resource is just released and push back into free-list!
DEBUG: Returning pointer with address: 0xbf5000a60
The resource is just released and push back into free-list!
DEBUG: Returning pointer with address: 0xbf5000a60
The resource is just released and push back into free-list!
DEBUG: Returning pointer with address: 0xbf5000a60
The resource is just released and push back into free-list!
DEBUG: Returning pointer with address: 0xbf5000a60
The resource is just released and push back into free-list!
DEBUG: Returning pointer with address: 0xbf5000a60
The resource is just released and push back into free-list!
DEBUG: Returning pointer with address: 0xbf5000a60
The resource is just released and push back into free-list!
DEBUG: Returning pointer with address: 0xbf5000a60
The resource is just released and push back into free-list!
DEBUG: Returning pointer with address: 0xbf5000a60
The resource is just released and push back into free-list!
DEBUG: Returning pointer with address: 0xbf5000a60
The resource is just released and push back into free-list!
DEBUG: Returning pointer with address: 0xbf5000a60
The resource is just released and push back into free-list!
DEBUG: Returning pointer with address: 0xbf5000a60
The resource is just released and push back into free-list!
DEBUG: Returning pointer with address: 0xbf5000a60
The resource is just released and push back into free-list!
DEBUG: Returning pointer with address: 0xbf5000a60
The resource is just released and push back into free-list!
DEBUG: Returning pointer with address: 0xbf5000a60
The resource is just released and push back into free-list!
DEBUG: Returning pointer with address: 0xbf5000a60
The resource is just released and push back into free-list!
DEBUG: Returning pointer with address: 0xbf5000a60
The resource is just released and push back into free-list!
DEBUG: Returning pointer with address: 0xbf5000a60
The resource is just released and push back into free-list!
DEBUG: Returning pointer with address: 0xbf5000a60
The resource is just released and push back into free-list!
DEBUG: Returning pointer with address: 0xbf5000a60
The resource is just released and push back into free-list!
DEBUG: Returning pointer with address: 0xbf5000a60
The resource is just released and push back into free-list!
DEBUG: Returning pointer with address: 0xbf5000a60
The resource is just released and push back into free-list!
DEBUG: Returning pointer with address: 0xbf5000a60
The resource is just released and push back into free-list!
DEBUG: Returning pointer with address: 0xbf5000a60
The resource is just released and push back into free-list!
DEBUG: Returning pointer with address: 0xbf5000a60
The resource is just released and push back into free-list!
DEBUG: Returning pointer with address: 0xbf5000a60
The resource is just released and push back into free-list!
DEBUG: Returning pointer with address: 0xbf5000a60
The resource is just released and push back into free-list!
DEBUG: Returning pointer with address: 0xbf5000a60
The resource is just released and push back into free-list!
DEBUG: Returning pointer with address: 0xbf5000a60
The resource is just released and push back into free-list!
DEBUG: Returning pointer with address: 0xbf5000a60
The resource is just released and push back into free-list!
DEBUG: Returning pointer with address: 0xbf5000a60
The resource is just released and push back into free-list!
DEBUG: Returning pointer with address: 0xbf5000a60
The resource is just released and push back into free-list!
DEBUG: Returning pointer with address: 0xbf5000a60
The resource is just released and push back into free-list!
DEBUG: Returning pointer with address: 0xbf5000a60
The resource is just released and push back into free-list!
DEBUG: Returning pointer with address: 0xbf5000a60
The resource is just released and push back into free-list!
DEBUG: Returning pointer with address: 0xbf5000a60
The resource is just released and push back into free-list!
DEBUG: Returning pointer with address: 0xbf5000a60
The resource is just released and push back into free-list!
DEBUG: Returning pointer with address: 0xbf5000a60
The resource is just released and push back into free-list!
DEBUG: Returning pointer with address: 0xbf5000a60
The resource is just released and push back into free-list!
DEBUG: Returning pointer with address: 0xbf5000a60
The resource is just released and push back into free-list!
DEBUG: Returning pointer with address: 0xbf5000a60
The resource is just released and push back into free-list!
DEBUG: Returning pointer with address: 0xbf5000a60
The resource is just released and push back into free-list!
DEBUG: Returning pointer with address: 0xbf5000a60
The resource is just released and push back into free-list!
DEBUG: Returning pointer with address: 0xbf5000a60
The resource is just released and push back into free-list!
DEBUG: Returning pointer with address: 0xbf5000a60
The resource is just released and push back into free-list!
DEBUG: Returning pointer with address: 0xbf5000a60
The resource is just released and push back into free-list!
DEBUG: Returning pointer with address: 0xbf5000a60
The resource is just released and push back into free-list!
DEBUG: Returning pointer with address: 0xbf5000a60
The resource is just released and push back into free-list!
DEBUG: Returning pointer with address: 0xbf5000a60
The resource is just released and push back into free-list!
DEBUG: Returning pointer with address: 0xbf5000a60
The resource is just released and push back into free-list!
DEBUG: Returning pointer with address: 0xbf5000a60
The resource is just released and push back into free-list!
DEBUG: Returning pointer with address: 0xbf5000a60
The resource is just released and push back into free-list!
DEBUG: Returning pointer with address: 0xbf5000a60
The resource is just released and push back into free-list!
DEBUG: Returning pointer with address: 0xbf5000a60
The resource is just released and push back into free-list!
DEBUG: Returning pointer with address: 0xbf5000a60
The resource is just released and push back into free-list!
DEBUG: Returning pointer with address: 0xbf5000a60
The resource is just released and push back into free-list!
DEBUG: Returning pointer with address: 0xbf5000a60
The resource is just released and push back into free-list!
DEBUG: Returning pointer with address: 0xbf5000a60
The resource is just released and push back into free-list!
DEBUG: Returning pointer with address: 0xbf5000a60
The resource is just released and push back into free-list!
DEBUG: Returning pointer with address: 0xbf5000a60
The resource is just released and push back into free-list!
DEBUG: Returning pointer with address: 0xbf5000a60
The resource is just released and push back into free-list!
DEBUG: Returning pointer with address: 0xbf5000a60
The resource is just released and push back into free-list!
DEBUG: Returning pointer with address: 0xbf5000a60
The resource is just released and push back into free-list!
DEBUG: Returning pointer with address: 0xbf5000a60
The resource is just released and push back into free-list!
DEBUG: Returning pointer with address: 0xbf5000a60
The resource is just released and push back into free-list!
DEBUG: Returning pointer with address: 0xbf5000a60
The resource is just released and push back into free-list!
DEBUG: Returning pointer with address: 0xbf5000a60
The resource is just released and push back into free-list!
DEBUG: Returning pointer with address: 0xbf5000a60
The resource is just released and push back into free-list!
DEBUG: Returning pointer with address: 0xbf5000a60
The resource is just released and push back into free-list!
DEBUG(DECONSTRUCTOR), deleting pointer to raw memory: 0xbf5000940
DEBUG(DECONSTRUCTOR), deleting pointer to raw memory: 0xbf5000960
DEBUG(DECONSTRUCTOR), deleting pointer to raw memory: 0xbf5000980
DEBUG(DECONSTRUCTOR), deleting pointer to raw memory: 0xbf50009a0
DEBUG(DECONSTRUCTOR), deleting pointer to raw memory: 0xbf50009c0
DEBUG(DECONSTRUCTOR), deleting pointer to raw memory: 0xbf50009e0
DEBUG(DECONSTRUCTOR), deleting pointer to raw memory: 0xbf5000a00
DEBUG(DECONSTRUCTOR), deleting pointer to raw memory: 0xbf5000a20
DEBUG(DECONSTRUCTOR), deleting pointer to raw memory: 0xbf5000a40
DEBUG(DECONSTRUCTOR), deleting pointer to raw memory: 0xbf5000a60
[       OK ] ObjectPoolTest.HighChurnStressTest (1 ms)
[----------] 1 test from ObjectPoolTest (1 ms total)

[----------] Global test environment tear-down
[==========] 1 test from 1 test suite ran. (1 ms total)
[  PASSED  ] 1 test.
<end of output>
Test time =   0.01 sec
----------------------------------------------------------
Test Passed.
"ObjectPoolTest.HighChurnStressTest" end time: Dec 27 21:58 CET
"ObjectPoolTest.HighChurnStressTest" time elapsed: 00:00:00
----------------------------------------------------------

6/6 Testing: ObjectPoolTest.NullptrHandling
6/6 Test: ObjectPoolTest.NullptrHandling
Command: "/Users/achillerossi/Documents/C++_tests/memory_pool_mngr/build/pool_tests" "--gtest_filter=ObjectPoolTest.NullptrHandling" "--gtest_also_run_disabled_tests"
Directory: /Users/achillerossi/Documents/C++_tests/memory_pool_mngr/build
"ObjectPoolTest.NullptrHandling" start time: Dec 27 21:58 CET
Output:
----------------------------------------------------------
Running main() from /Users/achillerossi/Documents/C++_tests/memory_pool_mngr/build/_deps/googletest-src/googletest/src/gtest_main.cc
Note: Google Test filter = ObjectPoolTest.NullptrHandling
[==========] Running 1 test from 1 test suite.
[----------] Global test environment set-up.
[----------] 1 test from ObjectPoolTest
[ RUN      ] ObjectPoolTest.NullptrHandling
Pointer address: 0xc5b000920
DEBUG: Allocated 1 blocks
DEBUG(DECONSTRUCTOR), deleting pointer to raw memory: 0xc5b000920
[       OK ] ObjectPoolTest.NullptrHandling (0 ms)
[----------] 1 test from ObjectPoolTest (0 ms total)

[----------] Global test environment tear-down
[==========] 1 test from 1 test suite ran. (0 ms total)
[  PASSED  ] 1 test.
<end of output>
Test time =   0.00 sec
----------------------------------------------------------
Test Passed.
"ObjectPoolTest.NullptrHandling" end time: Dec 27 21:58 CET
"ObjectPoolTest.NullptrHandling" time elapsed: 00:00:00
----------------------------------------------------------

End testing: Dec 27 21:58 CET
